<?xml version="1.0" encoding="UTF-8"?>
<testsuite xmlns:xsi="http://www.w3.org/2001/XMLSchema-instance" xsi:noNamespaceSchemaLocation="https://maven.apache.org/surefire/maven-surefire-plugin/xsd/surefire-test-report.xsd" name="PurchaseOrderControllerTest" time="24.078" tests="3" errors="0" skipped="0" failures="1">
  <properties>
[...]
</properties>
  <testcase name="fetch purchase order" classname="com.nab.icommerce.purchaseorderservice.controller.PurchaseOrderControllerTest" time="2.656"/>
  <testcase name="create an purchase order base on shopping cart list" classname="com.nab.icommerce.purchaseorderservice.controller.PurchaseOrderControllerTest" time="1.953">
    <failure message="Condition failed with Exception:&#10;&#10;response.then().log().all().statusCode(200)&#10;|        |      |     |     |&#10;|        |      |     |     java.lang.AssertionError: 1 expectation failed.&#10;|        |      |     |     Expected status code &lt;200&gt; but was &lt;500&gt;.&#10;|        |      |     |      &#10;|        |      |     |     	at io.restassured.internal.ResponseSpecificationImpl$HamcrestAssertionClosure.validate(ResponseSpecificationImpl.groovy:494)&#10;|        |      |     |     	at io.restassured.internal.ResponseSpecificationImpl.validateResponseIfRequired(ResponseSpecificationImpl.groovy:656)&#10;|        |      |     |     	at io.restassured.internal.ResponseSpecificationImpl.statusCode(ResponseSpecificationImpl.groovy:125)&#10;|        |      |     |     	at io.restassured.internal.ResponseSpecificationImpl.statusCode(ResponseSpecificationImpl.groovy:133)&#10;|        |      |     |     	at io.restassured.internal.ValidatableResponseOptionsImpl.statusCode(ValidatableResponseOptionsImpl.java:119)&#10;|        |      |     |     	at com.nab.icommerce.purchaseorderservice.controller.PurchaseOrderControllerTest.create an purchase order base on shopping cart list(PurchaseOrderControllerTest.groovy:27)&#10;|        |      |     &lt;io.restassured.internal.ValidatableResponseImpl@427b8fe4 responseSpec=io.restassured.internal.ResponseSpecificationImpl@56510bb2 extractableResponse=io.restassured.internal.RestAssuredResponseImpl@27cda5f response=io.restassured.internal.RestAssuredResponseImpl@27cda5f config=io.restassured.config.RestAssuredConfig@58e22835&gt;&#10;|        |      &lt;io.restassured.internal.ValidatableResponseImpl@427b8fe4 responseSpec=io.restassured.internal.ResponseSpecificationImpl@56510bb2 extractableResponse=io.restassured.internal.RestAssuredResponseImpl@27cda5f response=io.restassured.internal.RestAssuredResponseImpl@27cda5f config=io.restassured.config.RestAssuredConfig@58e22835&gt;&#10;|        &lt;io.restassured.internal.ValidatableResponseImpl@427b8fe4 responseSpec=io.restassured.internal.ResponseSpecificationImpl@56510bb2 extractableResponse=io.restassured.internal.RestAssuredResponseImpl@27cda5f response=io.restassured.internal.RestAssuredResponseImpl@27cda5f config=io.restassured.config.RestAssuredConfig@58e22835&gt;&#10;&lt;io.restassured.internal.RestAssuredResponseImpl@27cda5f logRepository=io.restassured.internal.log.LogRepository@745f4c49 groovyResponse=io.restassured.internal.RestAssuredResponseOptionsGroovyImpl@2631075f&gt;&#10;" type="org.spockframework.runtime.ConditionFailedWithExceptionError"><![CDATA[org.spockframework.runtime.ConditionFailedWithExceptionError: 
Condition failed with Exception:

response.then().log().all().statusCode(200)
|        |      |     |     |
|        |      |     |     java.lang.AssertionError: 1 expectation failed.
|        |      |     |     Expected status code <200> but was <500>.
|        |      |     |      
|        |      |     |     	at io.restassured.internal.ResponseSpecificationImpl$HamcrestAssertionClosure.validate(ResponseSpecificationImpl.groovy:494)
|        |      |     |     	at io.restassured.internal.ResponseSpecificationImpl.validateResponseIfRequired(ResponseSpecificationImpl.groovy:656)
|        |      |     |     	at io.restassured.internal.ResponseSpecificationImpl.statusCode(ResponseSpecificationImpl.groovy:125)
|        |      |     |     	at io.restassured.internal.ResponseSpecificationImpl.statusCode(ResponseSpecificationImpl.groovy:133)
|        |      |     |     	at io.restassured.internal.ValidatableResponseOptionsImpl.statusCode(ValidatableResponseOptionsImpl.java:119)
|        |      |     |     	at com.nab.icommerce.purchaseorderservice.controller.PurchaseOrderControllerTest.create an purchase order base on shopping cart list(PurchaseOrderControllerTest.groovy:27)
|        |      |     <io.restassured.internal.ValidatableResponseImpl@427b8fe4 responseSpec=io.restassured.internal.ResponseSpecificationImpl@56510bb2 extractableResponse=io.restassured.internal.RestAssuredResponseImpl@27cda5f response=io.restassured.internal.RestAssuredResponseImpl@27cda5f config=io.restassured.config.RestAssuredConfig@58e22835>
|        |      <io.restassured.internal.ValidatableResponseImpl@427b8fe4 responseSpec=io.restassured.internal.ResponseSpecificationImpl@56510bb2 extractableResponse=io.restassured.internal.RestAssuredResponseImpl@27cda5f response=io.restassured.internal.RestAssuredResponseImpl@27cda5f config=io.restassured.config.RestAssuredConfig@58e22835>
|        <io.restassured.internal.ValidatableResponseImpl@427b8fe4 responseSpec=io.restassured.internal.ResponseSpecificationImpl@56510bb2 extractableResponse=io.restassured.internal.RestAssuredResponseImpl@27cda5f response=io.restassured.internal.RestAssuredResponseImpl@27cda5f config=io.restassured.config.RestAssuredConfig@58e22835>
<io.restassured.internal.RestAssuredResponseImpl@27cda5f logRepository=io.restassured.internal.log.LogRepository@745f4c49 groovyResponse=io.restassured.internal.RestAssuredResponseOptionsGroovyImpl@2631075f>

	at com.nab.icommerce.purchaseorderservice.controller.PurchaseOrderControllerTest.create an purchase order base on shopping cart list(PurchaseOrderControllerTest.groovy:27)
Caused by: java.lang.AssertionError: 
1 expectation failed.
Expected status code <200> but was <500>.

	at com.nab.icommerce.purchaseorderservice.controller.PurchaseOrderControllerTest.create an purchase order base on shopping cart list(PurchaseOrderControllerTest.groovy:27)
]]></failure>
    <system-out><![CDATA[2022-01-18 10:08:15.198 purchase-order-service:[main]:, INFO  org.eclipse.jetty.server.Server:375 - jetty-9.4.44.v20210927; built: 2021-09-27T23:02:44.612Z; git: 8da83308eeca865e495e53ef315a249d63ba9332; jvm 11.0.11+9-LTS-194
2022-01-18 10:08:15.214 purchase-order-service:[main]:, INFO  o.e.j.server.handler.ContextHandler:915 - Started o.e.j.s.ServletContextHandler@6b89cbc0{/__admin,null,AVAILABLE}
2022-01-18 10:08:15.214 purchase-order-service:[main]:, INFO  o.e.j.server.handler.ContextHandler:915 - Started o.e.j.s.ServletContextHandler@7a9c91e7{/,null,AVAILABLE}
2022-01-18 10:08:15.214 purchase-order-service:[main]:, INFO  o.e.jetty.server.AbstractConnector:331 - Started NetworkTrafficServerConnector@6271a097{HTTP/1.1, (http/1.1, h2c)}{0.0.0.0:9561}
2022-01-18 10:08:15.230 purchase-order-service:[main]:, INFO  org.eclipse.jetty.server.Server:415 - Started @24713ms
Hibernate: insert into purchase_order (created_time, customer_id, order_code, ship_address, status, total_amount, updated_time) values (?, ?, ?, ?, ?, ?, ?)
Hibernate: insert into purchase_order_detail (created_time, product_id, product_price, purchase_order_id, status, updated_time) values (?, ?, ?, ?, ?, ?)
Hibernate: insert into purchase_order_detail (created_time, product_id, product_price, purchase_order_id, status, updated_time) values (?, ?, ?, ?, ?, ?)
Hibernate: select purchaseor0_.id as id1_1_, purchaseor0_.created_time as created_2_1_, purchaseor0_.product_id as product_3_1_, purchaseor0_.product_price as product_4_1_, purchaseor0_.purchase_order_id as purchase7_1_, purchaseor0_.status as status5_1_, purchaseor0_.updated_time as updated_6_1_ from purchase_order_detail purchaseor0_ left outer join purchase_order purchaseor1_ on purchaseor0_.purchase_order_id=purchaseor1_.id where purchaseor1_.id=?
2022-01-18 10:08:15.902 purchase-order-service:[http-nio-auto-1-exec-2]:, WARN  o.s.c.l.core.RoundRobinLoadBalancer:97 - No servers available for service: product-service
2022-01-18 10:08:15.917 purchase-order-service:[http-nio-auto-1-exec-2]:, WARN  o.s.c.o.l.FeignBlockingLoadBalancerClient:103 - Load balancer does not contain an instance for the service product-service
2022-01-18 10:08:15.933 purchase-order-service:[http-nio-auto-1-exec-2]:, ERROR o.a.c.c.C.[.[.[.[dispatcherServlet]:175 - Servlet.service() for servlet [dispatcherServlet] in context with path [/icommerce] threw exception [Request processing failed; nested exception is feign.FeignException$ServiceUnavailable: [503] during [GET] to [http://product-service/icommerce/v1/product?id=1] [ProductClient#getProducts(String,String,String,Long)]: [Load balancer does not contain an instance for the service product-service]] with root cause
feign.FeignException$ServiceUnavailable: [503] during [GET] to [http://product-service/icommerce/v1/product?id=1] [ProductClient#getProducts(String,String,String,Long)]: [Load balancer does not contain an instance for the service product-service]
	at feign.FeignException.serverErrorStatus(FeignException.java:256)
	at feign.FeignException.errorStatus(FeignException.java:197)
	at feign.FeignException.errorStatus(FeignException.java:185)
	at feign.codec.ErrorDecoder$Default.decode(ErrorDecoder.java:92)
	at feign.AsyncResponseHandler.handleResponse(AsyncResponseHandler.java:96)
	at feign.SynchronousMethodHandler.executeAndDecode(SynchronousMethodHandler.java:138)
	at feign.SynchronousMethodHandler.invoke(SynchronousMethodHandler.java:89)
	at feign.ReflectiveFeign$FeignInvocationHandler.invoke(ReflectiveFeign.java:100)
	at com.sun.proxy.$Proxy174.getProducts(Unknown Source)
	at com.nab.icommerce.purchaseorderservice.service.PurchaseOrderService.lambda$createAnBillableOrder$1(PurchaseOrderService.java:57)
	at java.base/java.util.ArrayList.forEach(ArrayList.java:1541)
	at com.nab.icommerce.purchaseorderservice.service.PurchaseOrderService.createAnBillableOrder(PurchaseOrderService.java:56)
	at com.nab.icommerce.purchaseorderservice.controller.PurchaseOrderController.createBillableOrder(PurchaseOrderController.java:46)
	at java.base/jdk.internal.reflect.NativeMethodAccessorImpl.invoke0(Native Method)
	at java.base/jdk.internal.reflect.NativeMethodAccessorImpl.invoke(NativeMethodAccessorImpl.java:62)
	at java.base/jdk.internal.reflect.DelegatingMethodAccessorImpl.invoke(DelegatingMethodAccessorImpl.java:43)
	at java.base/java.lang.reflect.Method.invoke(Method.java:566)
	at org.springframework.web.method.support.InvocableHandlerMethod.doInvoke(InvocableHandlerMethod.java:205)
	at org.springframework.web.method.support.InvocableHandlerMethod.invokeForRequest(InvocableHandlerMethod.java:150)
	at org.springframework.web.servlet.mvc.method.annotation.ServletInvocableHandlerMethod.invokeAndHandle(ServletInvocableHandlerMethod.java:117)
	at org.springframework.web.servlet.mvc.method.annotation.RequestMappingHandlerAdapter.invokeHandlerMethod(RequestMappingHandlerAdapter.java:895)
	at org.springframework.web.servlet.mvc.method.annotation.RequestMappingHandlerAdapter.handleInternal(RequestMappingHandlerAdapter.java:808)
	at org.springframework.web.servlet.mvc.method.AbstractHandlerMethodAdapter.handle(AbstractHandlerMethodAdapter.java:87)
	at org.springframework.web.servlet.DispatcherServlet.doDispatch(DispatcherServlet.java:1067)
	at org.springframework.web.servlet.DispatcherServlet.doService(DispatcherServlet.java:963)
	at org.springframework.web.servlet.FrameworkServlet.processRequest(FrameworkServlet.java:1006)
	at org.springframework.web.servlet.FrameworkServlet.doPost(FrameworkServlet.java:909)
	at javax.servlet.http.HttpServlet.service(HttpServlet.java:681)
	at org.springframework.web.servlet.FrameworkServlet.service(FrameworkServlet.java:883)
	at javax.servlet.http.HttpServlet.service(HttpServlet.java:764)
	at org.apache.catalina.core.ApplicationFilterChain.internalDoFilter(ApplicationFilterChain.java:227)
	at org.apache.catalina.core.ApplicationFilterChain.doFilter(ApplicationFilterChain.java:162)
	at org.apache.tomcat.websocket.server.WsFilter.doFilter(WsFilter.java:53)
	at org.apache.catalina.core.ApplicationFilterChain.internalDoFilter(ApplicationFilterChain.java:189)
	at org.apache.catalina.core.ApplicationFilterChain.doFilter(ApplicationFilterChain.java:162)
	at org.springframework.web.filter.RequestContextFilter.doFilterInternal(RequestContextFilter.java:100)
	at org.springframework.web.filter.OncePerRequestFilter.doFilter(OncePerRequestFilter.java:117)
	at org.apache.catalina.core.ApplicationFilterChain.internalDoFilter(ApplicationFilterChain.java:189)
	at org.apache.catalina.core.ApplicationFilterChain.doFilter(ApplicationFilterChain.java:162)
	at org.springframework.web.filter.FormContentFilter.doFilterInternal(FormContentFilter.java:93)
	at org.springframework.web.filter.OncePerRequestFilter.doFilter(OncePerRequestFilter.java:117)
	at org.apache.catalina.core.ApplicationFilterChain.internalDoFilter(ApplicationFilterChain.java:189)
	at org.apache.catalina.core.ApplicationFilterChain.doFilter(ApplicationFilterChain.java:162)
	at org.springframework.boot.actuate.metrics.web.servlet.WebMvcMetricsFilter.doFilterInternal(WebMvcMetricsFilter.java:96)
	at org.springframework.web.filter.OncePerRequestFilter.doFilter(OncePerRequestFilter.java:117)
	at org.apache.catalina.core.ApplicationFilterChain.internalDoFilter(ApplicationFilterChain.java:189)
	at org.apache.catalina.core.ApplicationFilterChain.doFilter(ApplicationFilterChain.java:162)
	at org.springframework.web.filter.CharacterEncodingFilter.doFilterInternal(CharacterEncodingFilter.java:201)
	at org.springframework.web.filter.OncePerRequestFilter.doFilter(OncePerRequestFilter.java:117)
	at org.apache.catalina.core.ApplicationFilterChain.internalDoFilter(ApplicationFilterChain.java:189)
	at org.apache.catalina.core.ApplicationFilterChain.doFilter(ApplicationFilterChain.java:162)
	at org.apache.catalina.core.StandardWrapperValve.invoke(StandardWrapperValve.java:197)
	at org.apache.catalina.core.StandardContextValve.invoke(StandardContextValve.java:97)
	at org.apache.catalina.authenticator.AuthenticatorBase.invoke(AuthenticatorBase.java:540)
	at org.apache.catalina.core.StandardHostValve.invoke(StandardHostValve.java:135)
	at org.apache.catalina.valves.ErrorReportValve.invoke(ErrorReportValve.java:92)
	at org.apache.catalina.core.StandardEngineValve.invoke(StandardEngineValve.java:78)
	at org.apache.catalina.connector.CoyoteAdapter.service(CoyoteAdapter.java:357)
	at org.apache.coyote.http11.Http11Processor.service(Http11Processor.java:382)
	at org.apache.coyote.AbstractProcessorLight.process(AbstractProcessorLight.java:65)
	at org.apache.coyote.AbstractProtocol$ConnectionHandler.process(AbstractProtocol.java:895)
	at org.apache.tomcat.util.net.NioEndpoint$SocketProcessor.doRun(NioEndpoint.java:1732)
	at org.apache.tomcat.util.net.SocketProcessorBase.run(SocketProcessorBase.java:49)
	at org.apache.tomcat.util.threads.ThreadPoolExecutor.runWorker(ThreadPoolExecutor.java:1191)
	at org.apache.tomcat.util.threads.ThreadPoolExecutor$Worker.run(ThreadPoolExecutor.java:659)
	at org.apache.tomcat.util.threads.TaskThread$WrappingRunnable.run(TaskThread.java:61)
	at java.base/java.lang.Thread.run(Thread.java:834)
HTTP/1.1 500 
Content-Type: application/json
Transfer-Encoding: chunked
Date: Tue, 18 Jan 2022 02:08:14 GMT
Connection: close

{
    "timestamp": "2022-01-18T02:08:15.948+00:00",
    "status": 500,
    "error": "Internal Server Error",
    "path": "/icommerce/v1/purchase-order"
}
2022-01-18 10:08:16.573 purchase-order-service:[main]:, INFO  o.e.jetty.server.AbstractConnector:381 - Stopped NetworkTrafficServerConnector@6271a097{HTTP/1.1, (http/1.1, h2c)}{0.0.0.0:9561}
2022-01-18 10:08:16.573 purchase-order-service:[main]:, INFO  o.e.j.server.handler.ContextHandler:1153 - Stopped o.e.j.s.ServletContextHandler@7a9c91e7{/,null,STOPPED}
2022-01-18 10:08:16.573 purchase-order-service:[main]:, INFO  o.e.j.server.handler.ContextHandler:1153 - Stopped o.e.j.s.ServletContextHandler@6b89cbc0{/__admin,null,STOPPED}
]]></system-out>
  </testcase>
  <testcase name="update order status to ON_DELIVERY" classname="com.nab.icommerce.purchaseorderservice.controller.PurchaseOrderControllerTest" time="0.094"/>
</testsuite>